Case #1: [EA]
Case #2: [RRQR]
Case #3: [FAQFDFQ]
Case #4: [QEEEERA]
Case #5: [QW]
Case #6: [WESQFAEASE]
Case #7: [SWEWDFFAFS]
Case #8: [SRWEADDFSD]
Case #9: [FFDFAWRQFR]
Case #10: [WRSSQEWAAE]
Case #11: [WWRARWQEQD]
Case #12: [SEQFEEQWRD]
Case #13: [AADSDRDASE]
Case #14: [SDWAFWSRDW]
Case #15: [AFFRASDRFW]
Case #16: [AWAREEQESS]
Case #17: [QASWDQDSAD]
Case #18: [QRFWWDSDQQ]
Case #19: [AAAAAAAAAA]
Case #20: [REWARDED]
Case #21: [DRESSES]
Case #22: [WRWRSARSWA]
Case #23: [SSDSRRQDSA]
Case #24: [SDAWASAQDS]
Case #25: [WRDSFSFWSA]
Case #26: [ASSEDEWWDF]
Case #27: [FFASRDFEFA]
Case #28: [FRSDWQQFAW]
Case #29: [DAWAEWAAAW]
Case #30: [AQWERASDFS]
Case #31: [DRFSRAQSDQ]
Case #32: [DQRFEEAEEE]
Case #33: [WFAEFSRRDR]
Case #34: [FEWAWRWEFS]
Case #35: [ASQWWWDRED]
Case #36: [DSADRDQWDW]
Case #37: [QQWERASDFS]
Case #38: [FFWASWASWA]
Case #39: [WQRQQDAEEQ]
Case #40: [QDEQREERRE]
Case #41: [F]
Case #42: [WRQEDWFDSW]
Case #43: [FDAQAFEFDR]
Case #44: [DEAFDEARS]
Case #45: [EFRWDFESWQ]
Case #46: [SFDAWRSQRR]
Case #47: [QQFRSSAFWS]
Case #48: [DAEEAARWFR]
Case #49: [QEADDSWASD]
Case #50: [FWQRSWQRWW]
Case #51: [DREWEFDSQW]
Case #52: [SFWSRWADSA]
Case #53: [EFRRFQDAQF]
Case #54: [WSFDERWSAS]
Case #55: [QWFEFRSFAR]
Case #56: [FREEREWARD]
Case #57: [RQFDWSFQRE]
Case #58: [EQDEFRQDWR]
Case #59: [QSRARWESRA]
Case #60: [DFDAFQWSAF]
Case #61: [WSDEEREQAS]
Case #62: [SFWDDWASFE]
Case #63: [RQADEQRFQW]
Case #64: [SFEWAWDQRA]
Case #65: [FDQSASEDSW]
Case #66: [AAAAAAAAAA]
Case #67: [QFSEASEQFA]
Case #68: [FQWREQASWA]
Case #69: [FDSWEDSARE]
Case #70: [DDAWWAQWDD]
Case #71: [SWEEWEEFQF]
Case #72: [SRDADDSWDW]
Case #73: [REWEQARFQS]
Case #74: [FWERQFSESE]
Case #75: [FDSFQFDAQQ]
Case #76: [FRWEFAEEFR]
Case #77: [QRDREQQFDE]
Case #78: [ESFERDERSF]
Case #79: [FFRRSQWQRQ]
Case #80: [RFQDEEAFWS]
Case #81: [DRSQQRDDAW]
Case #82: [AQRRQWQQEW]
Case #83: [ADARAQWFQW]
Case #84: [QERWQDFFDF]
Case #85: [DQSSAQFQER]
Case #86: [EWQFQQQRFR]
Case #87: [EDDEEFEAQE]
Case #88: [WRWQAQSDSF]
Case #89: [ESEEAAARAD]
Case #90: [ASDDQRAQRA]
Case #91: [REQSFDQDFA]
Case #92: [AEWDAQFWWD]
Case #93: [DSRDRRRWWS]
Case #94: [SDDQSRQQWF]
Case #95: [RQWFQRRSWF]
Case #96: [AWRESFWWRR]
Case #97: [RAWSESRFEF]
Case #98: [QFFRQSDWSS]
Case #99: [FASDQSFQFS]
Case #100: [FEWRWWFQWE]
