Case #1: [EA]
Case #2: [RRQR]
Case #3: [FAQFDFQ]
Case #4: [QEEEERA]
Case #5: [QW]
Case #6: [SRWRFAWEWR]
Case #7: [FSQSWQSDWE]
Case #8: [AQWERASDFS]
Case #9: [SAQDFFWDWA]
Case #10: [QAFREESQWW]
Case #11: [WFFEWQRDAW]
Case #12: [WFRDSEWQDF]
Case #13: [FEDARAAAWQ]
Case #14: [RDQEEFEEEA]
Case #15: [DFQASFADFF]
Case #16: [EDAEERSEAE]
Case #17: [FSFDQFFFER]
Case #18: [QFFEERFDRW]
Case #19: [FAEDESWWRA]
Case #20: [SEDDWEAEWD]
Case #21: [QDRRWSFWQD]
Case #22: [AAQQEFEEQF]
Case #23: [QDAFDQWSSW]
Case #24: [DFWWFWRWSA]
Case #25: [AAAAAAAAAA]
Case #26: [EADQQSQRFQ]
Case #27: [AEQASQFQAQ]
Case #28: [DDRESWEWQF]
Case #29: [AAFWRSDFSD]
Case #30: [DDRESQREED]
Case #31: [FFEQEEAFRD]
Case #32: [WDRREEDWEQ]
Case #33: [AARSRREDQR]
Case #34: [FFRWAWWSQA]
Case #35: [SSRESWSRFR]
Case #36: [FERDWFDQSR]
Case #37: [EQEAFADWSR]
Case #38: [AQWEWRWQSA]
Case #39: [DRQSEEAWFE]
Case #40: [AWAREEQESS]
Case #41: [RAFQRSFSWA]
Case #42: [DFDEEWWRFS]
Case #43: [EQSRQEQRAR]
Case #44: [SQSFSWWAAR]
Case #45: [WSEQDDEQRD]
Case #46: [WDWRFADARQ]
Case #47: [DEAFDEARS]
Case #48: [F]
Case #49: [FSWAESSDQR]
Case #50: [QFERSASDSA]
Case #51: [DSQFWQEEEW]
Case #52: [RDQWQDARQF]
Case #53: [WEFEWEEQED]
Case #54: [QDSRFSWAQR]
Case #55: [EASAWDFRWA]
Case #56: [FSWEQAFQRW]
Case #57: [WWQRFSREFR]
Case #58: [SQDDEASRRE]
Case #59: [FASRFFSFWS]
Case #60: [DRESSES]
Case #61: [DFWQDQRDQR]
Case #62: [EADDEQARFR]
Case #63: [RRRQFAQSQF]
Case #64: [QWWEQFQSWR]
Case #65: [WWSRRSFAAD]
Case #66: [QWDSQADSQS]
Case #67: [QQWERASDFS]
Case #68: [WFSRAEQQWD]
Case #69: [RADEFSFSSR]
Case #70: [RFEQAAFFDS]
Case #71: [REWARDED]
Case #72: [EFQFRSDDAA]
Case #73: [DEREWAAREQ]
Case #74: [SDFWSEQADR]
Case #75: [DEFEESRWRA]
Case #76: [AQDEFARDEA]
Case #77: [EAQEWSRARS]
Case #78: [DFQRDAWFQQ]
Case #79: [SAEFEARQAQ]
Case #80: [FREEREWARD]
Case #81: [EQFASFWSFD]
Case #82: [ESSWRQASRW]
Case #83: [SSSQDQQQWS]
Case #84: [WFWDWFRERD]
Case #85: [SAQAWEWSAD]
Case #86: [AWDEEQAWFD]
Case #87: [AWFQARQEFW]
Case #88: [AAAAAAAAAA]
Case #89: [SASEQWWRDD]
Case #90: [FDEEEWQQRD]
Case #91: [RDEDFDWDRQ]
Case #92: [QQFAESDQFE]
Case #93: [EARFDWFRQS]
Case #94: [AWASEDDQFE]
Case #95: [QSSWWWFRFS]
Case #96: [DQSERFFWEQ]
Case #97: [FEEDSREDQS]
Case #98: [AWQQDFDWEW]
Case #99: [ERSSEQEFWD]
Case #100: [QESRSEREAS]
