events: Ticks
summary: 5944
fi=~
fn=('~', 0, "<method 'append' of 'list' objects>")
0  11

fi=~
fn=('~', 0, "<method 'extend' of 'list' objects>")
0  0

fi=~
fn=('~', 0, "<method 'reverse' of 'list' objects>")
0  0

fi=~
fn=('~', 0, '<execfile>')
0  72
cfn=<module> ex3.py:8
cfi=ex3.py
calls=1 8
0 5871

fi=~
fn=('~', 0, '<range>')
0  19

fi=<string>
fn=<module> <string>:1
1 0
cfn=('~', 0, '<execfile>')
cfi=~
calls=1 0
1 5944

fi=ex3.py
fn=<module> ex3.py:8
8 302
cfn=<module> /Users/pedrorodrigues/work/puzzles/euler/mathkit.py:1
cfi=/Users/pedrorodrigues/work/puzzles/euler/mathkit.py
calls=1 1
8 5
cfn=('~', 0, "<method 'append' of 'list' objects>")
cfi=~
calls=62113 0
8 11
cfn=('~', 0, "<method 'reverse' of 'list' objects>")
cfi=~
calls=1 0
8 0
cfn=('~', 0, '<range>')
cfi=~
calls=1 0
8 19
cfn=('~', 0, '<math.sqrt>')
cfi=~
calls=1 0
8 0
cfn=is_prime /Users/pedrorodrigues/work/puzzles/euler/mathkit.py:3
cfi=/Users/pedrorodrigues/work/puzzles/euler/mathkit.py
calls=387572 3
8 5532

fi=/Users/pedrorodrigues/work/puzzles/euler/mathkit.py
fn=is_prime /Users/pedrorodrigues/work/puzzles/euler/mathkit.py:3
3 5369
cfn=('~', 0, '<math.ceil>')
cfi=~
calls=387572 0
3 53
cfn=('~', 0, '<math.sqrt>')
cfi=~
calls=387572 0
3 109

fi=/Users/pedrorodrigues/work/puzzles/euler/mathkit.py
fn=TestBatch /Users/pedrorodrigues/work/puzzles/euler/mathkit.py:35
35 0

fi=/Users/pedrorodrigues/work/puzzles/euler/mathkit.py
fn=<module> /Users/pedrorodrigues/work/puzzles/euler/mathkit.py:1
1 1
cfn=TestBatch /Users/pedrorodrigues/work/puzzles/euler/mathkit.py:35
cfi=/Users/pedrorodrigues/work/puzzles/euler/mathkit.py
calls=1 35
1 0
cfn=<module> /System/Library/Frameworks/Python.framework/Versions/2.6/lib/python2.6/unittest.py:45
cfi=/System/Library/Frameworks/Python.framework/Versions/2.6/lib/python2.6/unittest.py
calls=1 45
1 3

fi=/System/Library/Frameworks/Python.framework/Versions/2.6/lib/python2.6/unittest.py
fn=TestResult /System/Library/Frameworks/Python.framework/Versions/2.6/lib/python2.6/unittest.py:102
102 0

fi=/System/Library/Frameworks/Python.framework/Versions/2.6/lib/python2.6/unittest.py
fn=TestCase /System/Library/Frameworks/Python.framework/Versions/2.6/lib/python2.6/unittest.py:177
177 0

fi=/System/Library/Frameworks/Python.framework/Versions/2.6/lib/python2.6/unittest.py
fn=TestSuite /System/Library/Frameworks/Python.framework/Versions/2.6/lib/python2.6/unittest.py:402
402 0

fi=/System/Library/Frameworks/Python.framework/Versions/2.6/lib/python2.6/unittest.py
fn=FunctionTestCase /System/Library/Frameworks/Python.framework/Versions/2.6/lib/python2.6/unittest.py:471
471 0

fi=/System/Library/Frameworks/Python.framework/Versions/2.6/lib/python2.6/unittest.py
fn=TestLoader /System/Library/Frameworks/Python.framework/Versions/2.6/lib/python2.6/unittest.py:535
535 0

fi=/System/Library/Frameworks/Python.framework/Versions/2.6/lib/python2.6/unittest.py
fn=_WritelnDecorator /System/Library/Frameworks/Python.framework/Versions/2.6/lib/python2.6/unittest.py:656
656 0

fi=/System/Library/Frameworks/Python.framework/Versions/2.6/lib/python2.6/unittest.py
fn=_TextTestResult /System/Library/Frameworks/Python.framework/Versions/2.6/lib/python2.6/unittest.py:669
669 0

fi=/System/Library/Frameworks/Python.framework/Versions/2.6/lib/python2.6/unittest.py
fn=TextTestRunner /System/Library/Frameworks/Python.framework/Versions/2.6/lib/python2.6/unittest.py:735
735 0

fi=/System/Library/Frameworks/Python.framework/Versions/2.6/lib/python2.6/unittest.py
fn=TestProgram /System/Library/Frameworks/Python.framework/Versions/2.6/lib/python2.6/unittest.py:781
781 0

fi=/System/Library/Frameworks/Python.framework/Versions/2.6/lib/python2.6/unittest.py
fn=<module> /System/Library/Frameworks/Python.framework/Versions/2.6/lib/python2.6/unittest.py:45
45 3
cfn=('~', 0, "<method 'extend' of 'list' objects>")
cfi=~
calls=1 0
45 0
cfn=<module> /System/Library/Frameworks/Python.framework/Versions/2.6/lib/python2.6/traceback.py:1
cfi=/System/Library/Frameworks/Python.framework/Versions/2.6/lib/python2.6/traceback.py
calls=1 1
45 0
cfn=TestResult /System/Library/Frameworks/Python.framework/Versions/2.6/lib/python2.6/unittest.py:102
cfi=/System/Library/Frameworks/Python.framework/Versions/2.6/lib/python2.6/unittest.py
calls=1 102
45 0
cfn=TestSuite /System/Library/Frameworks/Python.framework/Versions/2.6/lib/python2.6/unittest.py:402
cfi=/System/Library/Frameworks/Python.framework/Versions/2.6/lib/python2.6/unittest.py
calls=1 402
45 0
cfn=TestCase /System/Library/Frameworks/Python.framework/Versions/2.6/lib/python2.6/unittest.py:177
cfi=/System/Library/Frameworks/Python.framework/Versions/2.6/lib/python2.6/unittest.py
calls=1 177
45 0
cfn=TextTestRunner /System/Library/Frameworks/Python.framework/Versions/2.6/lib/python2.6/unittest.py:735
cfi=/System/Library/Frameworks/Python.framework/Versions/2.6/lib/python2.6/unittest.py
calls=1 735
45 0
cfn=TestProgram /System/Library/Frameworks/Python.framework/Versions/2.6/lib/python2.6/unittest.py:781
cfi=/System/Library/Frameworks/Python.framework/Versions/2.6/lib/python2.6/unittest.py
calls=1 781
45 0
cfn=_TextTestResult /System/Library/Frameworks/Python.framework/Versions/2.6/lib/python2.6/unittest.py:669
cfi=/System/Library/Frameworks/Python.framework/Versions/2.6/lib/python2.6/unittest.py
calls=1 669
45 0
cfn=_WritelnDecorator /System/Library/Frameworks/Python.framework/Versions/2.6/lib/python2.6/unittest.py:656
cfi=/System/Library/Frameworks/Python.framework/Versions/2.6/lib/python2.6/unittest.py
calls=1 656
45 0
cfn=TestLoader /System/Library/Frameworks/Python.framework/Versions/2.6/lib/python2.6/unittest.py:535
cfi=/System/Library/Frameworks/Python.framework/Versions/2.6/lib/python2.6/unittest.py
calls=1 535
45 0
cfn=FunctionTestCase /System/Library/Frameworks/Python.framework/Versions/2.6/lib/python2.6/unittest.py:471
cfi=/System/Library/Frameworks/Python.framework/Versions/2.6/lib/python2.6/unittest.py
calls=1 471
45 0

fi=/System/Library/Frameworks/Python.framework/Versions/2.6/lib/python2.6/traceback.py
fn=<module> /System/Library/Frameworks/Python.framework/Versions/2.6/lib/python2.6/traceback.py:1
1 0

fi=~
fn=('~', 0, "<method 'disable' of '_lsprof.Profiler' objects>")
0  0

fi=~
fn=('~', 0, '<math.ceil>')
0  53

fi=~
fn=('~', 0, '<math.sqrt>')
0  109

